ls
evolve 32
show
(45, 1) <- s1
(0,2) <- .**.**..
show
(-2,-1) <- ..***
evolve 1
ev
(-2,-1) <- ..***
show
(-2,-1) <- ..***
(-2,-1) <- **.*
(-2,-1) <-       **.*
(-2,-1)     <- **.*
(-2,-1) <+ **.*
(2,1) <+ **.*
(2,1) <- **.*
show
evolve 1
show
(2,1) <- **.*
(-2,-1) <+ **.*
(-2,-1) <- **.*
show
(-2,-1) <- ..***
show
(-3,1) <- ..***
show
(3,1) <- ..***
show
(3,1) <- *.***
evolve 2
evolve 1
(3,3) <- *.***
(1,1) <- *.***
(-3,-3) <- *.***
(-3,0) <- *.*
(3,0) <- *.*
(0,0) <- *.*
show
(-2,-1) <- ..***
evolve 1
evolve 3
evolve 1
(-2,-1) <- ..***
(-2,-3) <- *...***
evolve 1
ev
show
(0,0) <- ...
(0,-1) <- ...*
(0,-1) <- ....
(0,-1) <- ***
(0,1) <- ...
evolve 1
show
evolve 1
